2021-08-12 11:38:45 [scrapy.utils.log] INFO: Scrapy 2.5.0 started (bot: shopping_mall_crawler)
2021-08-12 11:38:45 [scrapy.utils.log] INFO: Versions: lxml 4.6.3.0, libxml2 2.9.12, cssselect 1.1.0, parsel 1.6.0, w3lib 1.22.0, Twisted 21.7.0, Python 3.8.11 (default, Aug  6 2021, 09:57:55) [MSC v.1916 64 bit (AMD64)], pyOpenSSL 20.0.1 (OpenSSL 1.1.1k  25 Mar 2021), cryptography 3.4.7, Platform Windows-10-10.0.19042-SP0
2021-08-12 11:38:45 [scrapy.crawler] INFO: Overridden settings:
{'BOT_NAME': 'shopping_mall_crawler',
 'COOKIES_ENABLED': False,
 'LOG_ENABLED': False,
 'LOG_FILE': 'spider.log',
 'LOG_LEVEL': 'INFO',
 'NEWSPIDER_MODULE': 'shopping_mall_crawler.spiders',
 'SPIDER_MODULES': ['shopping_mall_crawler.spiders']}
2021-08-12 11:38:45 [scrapy.extensions.telnet] INFO: Telnet Password: 4496cbd5e3d8a49e
2021-08-12 11:38:45 [scrapy.middleware] INFO: Enabled extensions:
['scrapy.extensions.corestats.CoreStats',
 'scrapy.extensions.telnet.TelnetConsole',
 'scrapy.extensions.logstats.LogStats']
2021-08-12 11:38:47 [scrapy.middleware] INFO: Enabled downloader middlewares:
['scrapy.downloadermiddlewares.httpauth.HttpAuthMiddleware',
 'scrapy.downloadermiddlewares.downloadtimeout.DownloadTimeoutMiddleware',
 'scrapy.downloadermiddlewares.defaultheaders.DefaultHeadersMiddleware',
 'scrapy.downloadermiddlewares.useragent.UserAgentMiddleware',
 'scrapy.downloadermiddlewares.retry.RetryMiddleware',
 'scrapy.downloadermiddlewares.redirect.MetaRefreshMiddleware',
 'scrapy.downloadermiddlewares.httpcompression.HttpCompressionMiddleware',
 'scrapy.downloadermiddlewares.redirect.RedirectMiddleware',
 'scrapy.downloadermiddlewares.httpproxy.HttpProxyMiddleware',
 'scrapy_selenium.SeleniumMiddleware',
 'scrapy.downloadermiddlewares.stats.DownloaderStats']
2021-08-12 11:38:47 [scrapy.middleware] INFO: Enabled spider middlewares:
['scrapy.spidermiddlewares.httperror.HttpErrorMiddleware',
 'scrapy.spidermiddlewares.offsite.OffsiteMiddleware',
 'scrapy.spidermiddlewares.referer.RefererMiddleware',
 'scrapy.spidermiddlewares.urllength.UrlLengthMiddleware',
 'scrapy.spidermiddlewares.depth.DepthMiddleware']
2021-08-12 11:38:48 [scrapy.middleware] INFO: Enabled item pipelines:
['shopping_mall_crawler.pipelines.TmonPipeline',
 'shopping_mall_crawler.pipelines.MongoPipeline']
2021-08-12 11:38:48 [scrapy.core.engine] INFO: Spider opened
2021-08-12 11:38:48 [scrapy.extensions.logstats] INFO: Crawled 0 pages (at 0 pages/min), scraped 0 items (at 0 items/min)
2021-08-12 11:38:48 [scrapy.extensions.telnet] INFO: Telnet console listening on 127.0.0.1:6023
2021-08-12 11:39:55 [scrapy.extensions.logstats] INFO: Crawled 16 pages (at 16 pages/min), scraped 8 items (at 8 items/min)
2021-08-12 11:41:23 [scrapy.extensions.logstats] INFO: Crawled 26 pages (at 10 pages/min), scraped 24 items (at 16 items/min)
2021-08-12 11:41:57 [scrapy.extensions.logstats] INFO: Crawled 34 pages (at 8 pages/min), scraped 25 items (at 1 items/min)
2021-08-12 11:42:58 [scrapy.extensions.logstats] INFO: Crawled 41 pages (at 7 pages/min), scraped 33 items (at 8 items/min)
2021-08-12 11:44:10 [scrapy.extensions.logstats] INFO: Crawled 51 pages (at 10 pages/min), scraped 44 items (at 11 items/min)
2021-08-12 11:44:42 [scrapy.core.engine] INFO: Closing spider (finished)
2021-08-12 11:44:45 [scrapy.statscollectors] INFO: Dumping Scrapy stats:
{'downloader/response_bytes': 30155862,
 'downloader/response_count': 51,
 'downloader/response_status_count/200': 51,
 'elapsed_time_seconds': 353.839353,
 'finish_reason': 'finished',
 'finish_time': datetime.datetime(2021, 8, 12, 2, 44, 42, 3166),
 'item_scraped_count': 50,
 'log_count/INFO': 15,
 'request_depth_max': 1,
 'response_received_count': 51,
 'scheduler/dequeued': 51,
 'scheduler/dequeued/memory': 51,
 'scheduler/enqueued': 51,
 'scheduler/enqueued/memory': 51,
 'start_time': datetime.datetime(2021, 8, 12, 2, 38, 48, 163813)}
2021-08-12 11:44:45 [scrapy.core.engine] INFO: Spider closed (finished)
